<?xml version="1.0" encoding="UTF-8"?>
<!-- Generated by org.testng.reporters.JUnitXMLReporter -->
<testsuite hostname="mahlia" name="Authentication" tests="3" failures="0" timestamp="14 Apr 2016 23:37:23 GMT" time="34.607" errors="0">
  <testcase name="validEmail" time="4.418" classname="AutomationPractice.UserAuthentication"/>
  <testcase name="blankEmail" time="0.106" classname="AutomationPractice.UserAuthentication"/>
  <testcase name="invalidEmailFormat" time="0.15" classname="AutomationPractice.UserAuthentication"/>
</testsuite> <!-- Authentication -->
