<?xml version="1.0" encoding="UTF-8"?>
<!-- Generated by org.testng.reporters.JUnitXMLReporter -->
<testsuite hostname="mahlia" name="login" tests="3" failures="0" timestamp="14 Apr 2016 23:01:52 GMT" time="25.546" errors="0">
  <testcase name="blankEmail" time="0.672" classname="AutomationPractice.UserAuthentication"/>
  <testcase name="invalidEmailFormat" time="1.416" classname="AutomationPractice.UserAuthentication"/>
  <testcase name="validEmail" time="0.449" classname="AutomationPractice.UserAuthentication"/>
</testsuite> <!-- login -->
