<?xml version="1.0" encoding="UTF-8"?>
<testng-results skipped="0" failed="1" total="1" passed="0">
  <reporter-output>
  </reporter-output>
  <suite name="AutomationPractice-Suit" duration-ms="13839" started-at="2016-04-17T00:16:00Z" finished-at="2016-04-17T00:16:14Z">
    <groups>
    </groups>
    <test name="Verify the Suggestion Result" duration-ms="13839" started-at="2016-04-17T00:16:00Z" finished-at="2016-04-17T00:16:14Z">
      <class name="ProductSearching.Searching">
        <test-method status="PASS" signature="launchBrowser()[pri:0, instance:ProductSearching.Searching@31e5415e]" name="launchBrowser" is-config="true" duration-ms="8212" started-at="2016-04-17T08:16:00Z" finished-at="2016-04-17T08:16:09Z">
          <reporter-output>
          </reporter-output>
        </test-method> <!-- launchBrowser -->
        <test-method status="FAIL" signature="verifySearchSuggestionResult()[pri:0, instance:ProductSearching.Searching@31e5415e]" name="verifySearchSuggestionResult" duration-ms="5601" started-at="2016-04-17T08:16:09Z" finished-at="2016-04-17T08:16:14Z">
          <exception class="java.lang.AssertionError">
            <message>
              <![CDATA[expected [Search - My Store] but found [Printed Summer Dress - My Store]]]>
            </message>
            <full-stacktrace>
              <![CDATA[java.lang.AssertionError: expected [Search - My Store] but found [Printed Summer Dress - My Store]
	at org.testng.Assert.fail(Assert.java:94)
	at org.testng.Assert.failNotEquals(Assert.java:513)
	at org.testng.Assert.assertEqualsImpl(Assert.java:135)
	at org.testng.Assert.assertEquals(Assert.java:116)
	at org.testng.Assert.assertEquals(Assert.java:190)
	at org.testng.Assert.assertEquals(Assert.java:200)
	at ProductSearching.Searching.verifySearchSuggestionResult(Searching.java:71)
	at sun.reflect.NativeMethodAccessorImpl.invoke0(Native Method)
	at sun.reflect.NativeMethodAccessorImpl.invoke(NativeMethodAccessorImpl.java:62)
	at sun.reflect.DelegatingMethodAccessorImpl.invoke(DelegatingMethodAccessorImpl.java:43)
	at java.lang.reflect.Method.invoke(Method.java:498)
	at org.testng.internal.MethodInvocationHelper.invokeMethod(MethodInvocationHelper.java:86)
	at org.testng.internal.Invoker.invokeMethod(Invoker.java:646)
	at org.testng.internal.Invoker.invokeTestMethod(Invoker.java:823)
	at org.testng.internal.Invoker.invokeTestMethods(Invoker.java:1131)
	at org.testng.internal.TestMethodWorker.invokeTestMethods(TestMethodWorker.java:129)
	at org.testng.internal.TestMethodWorker.run(TestMethodWorker.java:112)
	at org.testng.TestRunner.privateRun(TestRunner.java:778)
	at org.testng.TestRunner.run(TestRunner.java:632)
	at org.testng.SuiteRunner.runTest(SuiteRunner.java:366)
	at org.testng.SuiteRunner.access$000(SuiteRunner.java:39)
	at org.testng.SuiteRunner$SuiteWorker.run(SuiteRunner.java:400)
	at org.testng.internal.thread.ThreadUtil$2.call(ThreadUtil.java:64)
	at java.util.concurrent.FutureTask.run(FutureTask.java:266)
	at java.util.concurrent.ThreadPoolExecutor.runWorker(ThreadPoolExecutor.java:1142)
	at java.util.concurrent.ThreadPoolExecutor$Worker.run(ThreadPoolExecutor.java:617)
	at java.lang.Thread.run(Thread.java:745)
]]>
            </full-stacktrace>
          </exception> <!-- java.lang.AssertionError -->
          <reporter-output>
          </reporter-output>
        </test-method> <!-- verifySearchSuggestionResult -->
      </class> <!-- ProductSearching.Searching -->
    </test> <!-- Verify the Suggestion Result -->
  </suite> <!-- AutomationPractice-Suit -->
</testng-results>
