<?xml version="1.0" encoding="UTF-8"?>
<!-- Generated by org.testng.reporters.JUnitXMLReporter -->
<testsuite hostname="mahlia" name="Register Using Valid Email Format" tests="2" failures="0" timestamp="16 Apr 2016 13:02:12 GMT" time="25.051" errors="0">
  <testcase name="openAuthenticationPage" time="4.598" classname="UserAuthentication.UserRegistration"/>
  <testcase name="regUsingValidEmail" time="1.485" classname="UserAuthentication.UserRegistration"/>
</testsuite> <!-- Register Using Valid Email Format -->
