<?xml version="1.0" encoding="UTF-8"?>
<!-- Generated by org.testng.reporters.JUnitXMLReporter -->
<testsuite hostname="mahlia" name="Register Using Valid Data" tests="3" failures="0" timestamp="16 Apr 2016 13:02:49 GMT" time="36.458" errors="0">
  <testcase name="openAuthenticationPage" time="6.981" classname="UserAuthentication.UserRegistration"/>
  <testcase name="regUsingValidEmail" time="0.334" classname="UserAuthentication.UserRegistration"/>
  <testcase name="regUsingValidData" time="17.465" classname="UserAuthentication.UserRegistration"/>
</testsuite> <!-- Register Using Valid Data -->
