<?xml version="1.0" encoding="UTF-8"?>
<!-- Generated by org.testng.reporters.JUnitXMLReporter -->
<testsuite hostname="mahlia" name="Register with Blank Input" tests="3" failures="0" timestamp="16 Apr 2016 13:02:19 GMT" time="32.187" errors="0">
  <testcase name="openAuthenticationPage" time="4.353" classname="UserAuthentication.UserRegistration"/>
  <testcase name="regUsingValidEmail" time="1.552" classname="UserAuthentication.UserRegistration"/>
  <testcase name="registerWithBlankInput" time="7.335" classname="UserAuthentication.UserRegistration"/>
</testsuite> <!-- Register with Blank Input -->
