<?xml version="1.0" encoding="UTF-8"?>
<!-- Generated by org.testng.reporters.JUnitXMLReporter -->
<testsuite hostname="mahlia" name="Register Using Invalid Email Format" tests="2" failures="0" timestamp="16 Apr 2016 13:02:20 GMT" time="32.781" errors="0">
  <testcase name="openAuthenticationPage" time="7.607" classname="UserAuthentication.UserRegistration"/>
  <testcase name="regUsingInvalidEmailFormat" time="6.368" classname="UserAuthentication.UserRegistration"/>
</testsuite> <!-- Register Using Invalid Email Format -->
