<?xml version="1.0" encoding="UTF-8"?>
<!-- Generated by org.testng.reporters.JUnitXMLReporter -->
<testsuite hostname="mahlia" name="UserAuthentication-Test" tests="3" failures="0" timestamp="15 Apr 2016 05:55:23 GMT" time="18.498" errors="0">
  <testcase name="emailFormat" time="6.315" classname="UserAuthentication.UserRegistration"/>
  <testcase name="validEmail" time="0.215" classname="UserAuthentication.UserRegistration"/>
  <testcase name="registerUser" time="7.422" classname="UserAuthentication.UserRegistration"/>
</testsuite> <!-- UserAuthentication-Test -->
