<?xml version="1.0" encoding="UTF-8"?>
<!-- Generated by org.testng.reporters.JUnitXMLReporter -->
<testsuite hostname="mahlia" name="User Registration Valid Input" tests="3" failures="0" timestamp="15 Apr 2016 08:24:48 GMT" time="26.198" errors="0">
  <testcase name="openAuthenticationPage" time="3.152" classname="UserAuthentication.UserRegistration"/>
  <testcase name="validEmail" time="0.796" classname="UserAuthentication.UserRegistration"/>
  <testcase name="registerUser" time="9.421" classname="UserAuthentication.UserRegistration"/>
</testsuite> <!-- User Registration Valid Input -->
