<?xml version="1.0" encoding="UTF-8"?>
<!-- Generated by org.testng.reporters.JUnitXMLReporter -->
<testsuite hostname="mahlia" name="User Registration With Invalid Input Test" tests="3" failures="0" timestamp="15 Apr 2016 08:48:15 GMT" time="36.768" errors="0">
  <testcase name="openAuthenticationPage" time="3.871" classname="UserAuthentication.UserRegistration"/>
  <testcase name="validEmail" time="0.893" classname="UserAuthentication.UserRegistration"/>
  <testcase name="registerWithInvalidEmail" time="22.554" classname="UserAuthentication.UserRegistration"/>
</testsuite> <!-- User Registration With Invalid Input Test -->
