<?xml version="1.0" encoding="UTF-8"?>
<!-- Generated by org.testng.reporters.JUnitXMLReporter -->
<testsuite hostname="mahlia" name="Verify the Suggestion Result" tests="1" failures="1" timestamp="17 Apr 2016 00:16:14 GMT" time="13.839" errors="0">
  <testcase name="verifySearchSuggestionResult" time="5.601" classname="ProductSearching.Searching">
    <failure type="java.lang.AssertionError" message="expected [Search - My Store] but found [Printed Summer Dress - My Store]">
      <![CDATA[java.lang.AssertionError: expected [Search - My Store] but found [Printed Summer Dress - My Store]
	at ProductSearching.Searching.verifySearchSuggestionResult(Searching.java:71)
	at java.util.concurrent.FutureTask.run(FutureTask.java:266)
	at java.util.concurrent.ThreadPoolExecutor.runWorker(ThreadPoolExecutor.java:1142)
	at java.util.concurrent.ThreadPoolExecutor$Worker.run(ThreadPoolExecutor.java:617)
	at java.lang.Thread.run(Thread.java:745)
... Removed 22 stack frames]]>
    </failure>
  </testcase> <!-- verifySearchSuggestionResult -->
</testsuite> <!-- Verify the Suggestion Result -->
