<?xml version="1.0" encoding="UTF-8"?>
<!-- Generated by org.testng.reporters.JUnitXMLReporter -->
<testsuite hostname="mahlia" name="Verify The Search Suggestion" tests="1" failures="1" timestamp="16 Apr 2016 15:50:49 GMT" time="20.684" errors="0">
  <testcase name="verifySearchSuggestion" time="2.9" classname="ProductSearching.Searching">
    <failure type="java.lang.AssertionError" message="expected [true] but found [false]">
      <![CDATA[java.lang.AssertionError: expected [true] but found [false]
	at ProductSearching.Searching.verifySearchSuggestion(Searching.java:31)
	at java.util.concurrent.FutureTask.run(FutureTask.java:266)
	at java.util.concurrent.ThreadPoolExecutor.runWorker(ThreadPoolExecutor.java:1142)
	at java.util.concurrent.ThreadPoolExecutor$Worker.run(ThreadPoolExecutor.java:617)
	at java.lang.Thread.run(Thread.java:745)
... Removed 20 stack frames]]>
    </failure>
  </testcase> <!-- verifySearchSuggestion -->
</testsuite> <!-- Verify The Search Suggestion -->
